<?xml version="1.0" encoding="UTF-8"?>
<Site BuildName="Win32-mingw32-make"
	BuildStamp="20240226-0535-Experimental"
	Name="ASUSTX3FA507"
	Generator="ctest-3.28.3"
	CompilerName="C:/Users/Zhang/Documents/mingw64devkit/bin/g++.exe"
	CompilerVersion="13.2.0"
	OSName="Windows"
	Hostname="ASUSTX3FA507"
	OSRelease=" Personal"
	OSVersion=" (Build 22621)"
	OSPlatform="AMD64"
	Is64Bits="1"
	VendorString="AuthenticAMD"
	VendorID="Advanced Micro Devices"
	FamilyID="15"
	ModelID="4"
	ProcessorCacheSize="64"
	NumberOfLogicalCPU="16"
	NumberOfPhysicalCPU="8"
	TotalVirtualMemory="18557"
	TotalPhysicalMemory="15613"
	LogicalProcessorsPerPhysical="2"
	ProcessorClockFrequency="3193"
	>
	<Testing>
		<StartDateTime>Feb 26 21:04 [NON-UTF-8-BYTE-0xD6]й[NON-UTF-8-BYTE-0xFA][NON-UTF-8-BYTE-0xB1][NON-UTF-8-BYTE-0xEA]׼ʱ[NON-UTF-8-BYTE-0xBC][NON-UTF-8-BYTE-0xE4]</StartDateTime>
		<StartTestTime>1708952671</StartTestTime>
		<TestList/>
		<EndDateTime>Feb 26 21:04 [NON-UTF-8-BYTE-0xD6]й[NON-UTF-8-BYTE-0xFA][NON-UTF-8-BYTE-0xB1][NON-UTF-8-BYTE-0xEA]׼ʱ[NON-UTF-8-BYTE-0xBC][NON-UTF-8-BYTE-0xE4]</EndDateTime>
		<EndTestTime>1708952671</EndTestTime>
		<ElapsedMinutes>0</ElapsedMinutes>
	</Testing>
</Site>
